[2024-08-18 06:44:04.676 +00:00] [INF] [4] Main: Jellyfin version: "10.9.9"
[2024-08-18 06:44:04.696 +00:00] [INF] [4] Main: Environment Variables: ["[JELLYFIN_CACHE_DIR, /cache]", "[JELLYFIN_WEB_DIR, /jellyfin/jellyfin-web]", "[JELLYFIN_FFMPEG, /usr/lib/jellyfin-ffmpeg/ffmpeg]", "[JELLYFIN_CONFIG_DIR, /config/config]", "[JELLYFIN_LOG_DIR, /config/log]", "[JELLYFIN_DATA_DIR, /config]"]
[2024-08-18 06:44:04.698 +00:00] [INF] [4] Main: Arguments: ["/jellyfin/jellyfin.dll"]
[2024-08-18 06:44:04.698 +00:00] [INF] [4] Main: Operating system: "Debian GNU/Linux 12 (bookworm)"
[2024-08-18 06:44:04.698 +00:00] [INF] [4] Main: Architecture: X64
[2024-08-18 06:44:04.699 +00:00] [INF] [4] Main: 64-Bit Process: True
[2024-08-18 06:44:04.699 +00:00] [INF] [4] Main: User Interactive: True
[2024-08-18 06:44:04.699 +00:00] [INF] [4] Main: Processor count: 4
[2024-08-18 06:44:04.699 +00:00] [INF] [4] Main: Program data path: "/config"
[2024-08-18 06:44:04.699 +00:00] [INF] [4] Main: Log directory path: "/config/log"
[2024-08-18 06:44:04.699 +00:00] [INF] [4] Main: Config directory path: "/config/config"
[2024-08-18 06:44:04.699 +00:00] [INF] [4] Main: Cache path: "/cache"
[2024-08-18 06:44:04.699 +00:00] [INF] [4] Main: Web resources path: "/jellyfin/jellyfin-web"
[2024-08-18 06:44:04.699 +00:00] [INF] [4] Main: Application directory: "/jellyfin/"
[2024-08-18 06:44:04.712 +00:00] [INF] [4] Jellyfin.Server.Migrations.MigrationRunner: Marking following migrations as applied because this is a fresh install: ["CreateNetworkConfiguration", "MigrateMusicBrainzTimeout", "MigrateNetworkConfiguration"]
[2024-08-18 06:44:04.801 +00:00] [INF] [4] Emby.Server.Implementations.AppBase.BaseConfigurationManager: Setting cache path: "/cache"
[2024-08-18 06:44:04.827 +00:00] [INF] [4] Emby.Server.Implementations.ApplicationHost: Loading assemblies
[2024-08-18 06:44:04.893 +00:00] [INF] [4] Jellyfin.Networking.Manager.NetworkManager: Defined LAN subnets: ["127.0.0.1/8", "10.0.0.0/8", "172.16.0.0/12", "192.168.0.0/16"]
[2024-08-18 06:44:04.893 +00:00] [INF] [4] Jellyfin.Networking.Manager.NetworkManager: Defined LAN exclusions: []
[2024-08-18 06:44:04.893 +00:00] [INF] [4] Jellyfin.Networking.Manager.NetworkManager: Used LAN subnets: ["127.0.0.1/8", "10.0.0.0/8", "172.16.0.0/12", "192.168.0.0/16"]
[2024-08-18 06:44:04.895 +00:00] [INF] [4] Jellyfin.Networking.Manager.NetworkManager: Filtered interface addresses: ["127.0.0.1", "172.17.0.5"]
[2024-08-18 06:44:04.895 +00:00] [INF] [4] Jellyfin.Networking.Manager.NetworkManager: Bind Addresses ["0.0.0.0"]
[2024-08-18 06:44:04.896 +00:00] [INF] [4] Jellyfin.Networking.Manager.NetworkManager: Remote IP filter is "Allowlist"
[2024-08-18 06:44:04.896 +00:00] [INF] [4] Jellyfin.Networking.Manager.NetworkManager: Filtered subnets: []
[2024-08-18 06:44:05.938 +00:00] [INF] [4] Emby.Server.Implementations.ApplicationHost: There are pending EFCore migrations in the database. Applying... (This may take a while, do not stop Jellyfin)
[2024-08-18 06:44:06.521 +00:00] [WRN] [4] Microsoft.EntityFrameworkCore.Migrations: An operation of type '"SqlOperation"' will be attempted while a rebuild of table '"ImageInfos"' is pending. The database may not be in an expected state. Review the SQL generated by this migration to help diagnose any failures. Consider moving these operations to a subsequent migration.
[2024-08-18 06:44:06.521 +00:00] [WRN] [4] Microsoft.EntityFrameworkCore.Migrations: An operation of type '"SqlOperation"' will be attempted while a rebuild of table '"ImageInfos"' is pending. The database may not be in an expected state. Review the SQL generated by this migration to help diagnose any failures. Consider moving these operations to a subsequent migration.
[2024-08-18 06:44:06.524 +00:00] [WRN] [4] Microsoft.EntityFrameworkCore.Migrations: An operation of type '"SqlOperation"' will be attempted while a rebuild of table '"Permissions"' is pending. The database may not be in an expected state. Review the SQL generated by this migration to help diagnose any failures. Consider moving these operations to a subsequent migration.
[2024-08-18 06:44:06.524 +00:00] [WRN] [4] Microsoft.EntityFrameworkCore.Migrations: An operation of type '"SqlOperation"' will be attempted while a rebuild of table '"Permissions"' is pending. The database may not be in an expected state. Review the SQL generated by this migration to help diagnose any failures. Consider moving these operations to a subsequent migration.
[2024-08-18 06:44:06.525 +00:00] [WRN] [4] Microsoft.EntityFrameworkCore.Migrations: An operation of type '"SqlOperation"' will be attempted while a rebuild of table '"Preferences"' is pending. The database may not be in an expected state. Review the SQL generated by this migration to help diagnose any failures. Consider moving these operations to a subsequent migration.
[2024-08-18 06:44:06.525 +00:00] [WRN] [4] Microsoft.EntityFrameworkCore.Migrations: An operation of type '"SqlOperation"' will be attempted while a rebuild of table '"Preferences"' is pending. The database may not be in an expected state. Review the SQL generated by this migration to help diagnose any failures. Consider moving these operations to a subsequent migration.
[2024-08-18 06:44:06.526 +00:00] [WRN] [4] Microsoft.EntityFrameworkCore.Migrations: An operation of type '"SqlOperation"' will be attempted while a rebuild of table '"Users"' is pending. The database may not be in an expected state. Review the SQL generated by this migration to help diagnose any failures. Consider moving these operations to a subsequent migration.
[2024-08-18 06:44:06.526 +00:00] [WRN] [4] Microsoft.EntityFrameworkCore.Migrations: An operation of type '"SqlOperation"' will be attempted while a rebuild of table '"Users"' is pending. The database may not be in an expected state. Review the SQL generated by this migration to help diagnose any failures. Consider moving these operations to a subsequent migration.
[2024-08-18 06:44:06.945 +00:00] [INF] [4] Emby.Server.Implementations.ApplicationHost: EFCore migrations applied successfully
[2024-08-18 06:44:07.498 +00:00] [INF] [4] Emby.Server.Implementations.AppBase.BaseConfigurationManager: Saving system configuration
[2024-08-18 06:44:07.505 +00:00] [INF] [4] Emby.Server.Implementations.AppBase.BaseConfigurationManager: Setting cache path: "/cache"
[2024-08-18 06:44:07.510 +00:00] [INF] [4] Emby.Server.Implementations.Plugins.PluginManager: Loaded plugin: "TMDb" "10.9.9.0"
[2024-08-18 06:44:07.511 +00:00] [INF] [4] Emby.Server.Implementations.Plugins.PluginManager: Loaded plugin: "Studio Images" "10.9.9.0"
[2024-08-18 06:44:07.511 +00:00] [INF] [4] Emby.Server.Implementations.Plugins.PluginManager: Loaded plugin: "OMDb" "10.9.9.0"
[2024-08-18 06:44:07.528 +00:00] [INF] [4] Emby.Server.Implementations.Plugins.PluginManager: Loaded plugin: "MusicBrainz" "10.9.9.0"
[2024-08-18 06:44:07.528 +00:00] [INF] [4] Emby.Server.Implementations.Plugins.PluginManager: Loaded plugin: "AudioDB" "10.9.9.0"
[2024-08-18 06:44:07.579 +00:00] [INF] [4] Jellyfin.Server.Migrations.MigrationRunner: Marking following migrations as applied because this is a fresh install: ["DisableTranscodingThrottling", "CreateLoggingConfigHeirarchy", "MigrateActivityLogDatabase", "RemoveDuplicateExtras", "MigrateUserDatabase", "MigrateDisplayPreferencesDatabase", "RemoveDownloadImagesInAdvance", "MigrateAuthenticationDatabase", "FixPlaylistOwner", "MigrateRatingLevels", "FixAudioData"]
[2024-08-18 06:44:07.586 +00:00] [INF] [4] Jellyfin.Server.Migrations.MigrationRunner: Applying migration '"AddDefaultPluginRepository"'
[2024-08-18 06:44:07.586 +00:00] [INF] [4] Emby.Server.Implementations.AppBase.BaseConfigurationManager: Saving system configuration
[2024-08-18 06:44:07.597 +00:00] [INF] [4] Emby.Server.Implementations.AppBase.BaseConfigurationManager: Setting cache path: "/cache"
[2024-08-18 06:44:07.597 +00:00] [INF] [4] Jellyfin.Server.Migrations.MigrationRunner: Migration '"AddDefaultPluginRepository"' applied successfully
[2024-08-18 06:44:07.599 +00:00] [INF] [4] Jellyfin.Server.Migrations.MigrationRunner: Applying migration '"ReaddDefaultPluginRepository"'
[2024-08-18 06:44:07.599 +00:00] [INF] [4] Jellyfin.Server.Migrations.MigrationRunner: Migration '"ReaddDefaultPluginRepository"' applied successfully
[2024-08-18 06:44:07.603 +00:00] [INF] [4] Jellyfin.Server.Migrations.MigrationRunner: Applying migration '"AddDefaultCastReceivers"'
[2024-08-18 06:44:07.603 +00:00] [INF] [4] Emby.Server.Implementations.AppBase.BaseConfigurationManager: Saving system configuration
[2024-08-18 06:44:07.609 +00:00] [INF] [4] Emby.Server.Implementations.AppBase.BaseConfigurationManager: Setting cache path: "/cache"
[2024-08-18 06:44:07.610 +00:00] [INF] [4] Jellyfin.Server.Migrations.MigrationRunner: Migration '"AddDefaultCastReceivers"' applied successfully
[2024-08-18 06:44:07.611 +00:00] [INF] [4] Jellyfin.Server.Migrations.MigrationRunner: Applying migration '"UpdateDefaultPluginRepository10.9"'
[2024-08-18 06:44:07.611 +00:00] [INF] [4] Emby.Server.Implementations.AppBase.BaseConfigurationManager: Saving system configuration
[2024-08-18 06:44:07.615 +00:00] [INF] [4] Emby.Server.Implementations.AppBase.BaseConfigurationManager: Setting cache path: "/cache"
[2024-08-18 06:44:07.615 +00:00] [INF] [4] Jellyfin.Server.Migrations.MigrationRunner: Migration '"UpdateDefaultPluginRepository10.9"' applied successfully
[2024-08-18 06:44:07.651 +00:00] [INF] [4] Main: Kestrel is listening on "0.0.0.0"
[2024-08-18 06:44:07.683 +00:00] [WRN] [4] Microsoft.AspNetCore.DataProtection.KeyManagement.XmlKeyManager: No XML encryptor configured. Key {502ba220-014a-4df2-8acc-c7dceafa0c61} may be persisted to storage in unencrypted form.
[2024-08-18 06:44:08.187 +00:00] [WRN] [4] Microsoft.AspNetCore.StaticFiles.StaticFileMiddleware: The WebRootPath was not found: "/wwwroot". Static files may be unavailable.
[2024-08-18 06:44:08.259 +00:00] [INF] [4] Emby.Server.Implementations.ApplicationHost: Running startup tasks
[2024-08-18 06:44:08.282 +00:00] [INF] [4] Emby.Server.Implementations.ScheduledTasks.TaskManager: Daily trigger for "Generate Trickplay Images" set to fire at 2024-08-19 03:00:00.000 +00:00, which is 20:15:51.7175534 from now.
[2024-08-18 06:44:08.285 +00:00] [INF] [4] Emby.Server.Implementations.ScheduledTasks.TaskManager: Daily trigger for "Extract Chapter Images" set to fire at 2024-08-19 02:00:00.000 +00:00, which is 19:15:51.7144300 from now.
[2024-08-18 06:44:08.320 +00:00] [INF] [4] MediaBrowser.MediaEncoding.Encoder.MediaEncoder: Found ffmpeg version "6.0.1"
[2024-08-18 06:44:08.372 +00:00] [INF] [4] MediaBrowser.MediaEncoding.Encoder.MediaEncoder: Available "decoders": ["libdav1d", "av1", "av1_cuvid", "av1_qsv", "h264", "h264_qsv", "h264_cuvid", "hevc", "hevc_qsv", "hevc_cuvid", "mpeg2video", "mpeg2_qsv", "mpeg2_cuvid", "mpeg4", "mpeg4_cuvid", "msmpeg4", "vc1_qsv", "vc1_cuvid", "vp8", "libvpx", "vp8_cuvid", "vp8_qsv", "vp9", "libvpx-vp9", "vp9_cuvid", "vp9_qsv", "aac", "ac3", "dca", "flac", "mp3", "truehd"]
[2024-08-18 06:44:08.402 +00:00] [INF] [4] MediaBrowser.MediaEncoding.Encoder.MediaEncoder: Available "encoders": ["libsvtav1", "av1_nvenc", "av1_qsv", "av1_amf", "av1_vaapi", "libx264", "h264_amf", "h264_nvenc", "h264_qsv", "h264_v4l2m2m", "h264_vaapi", "libx265", "hevc_amf", "hevc_nvenc", "hevc_qsv", "hevc_vaapi", "mjpeg_qsv", "mjpeg_vaapi", "mpeg4", "msmpeg4", "libvpx", "libvpx-vp9", "aac", "libfdk_aac", "ac3", "alac", "dca", "flac", "libmp3lame", "libopus", "truehd", "libvorbis", "srt"]
[2024-08-18 06:44:08.426 +00:00] [INF] [4] MediaBrowser.MediaEncoding.Encoder.MediaEncoder: Available filters: ["deinterlace_qsv", "deinterlace_vaapi", "hwupload_cuda", "hwupload_vaapi", "libplacebo", "overlay_opencl", "overlay_qsv", "overlay_vaapi", "overlay_vulkan", "overlay_cuda", "procamp_vaapi", "scale_cuda", "scale_opencl", "scale_qsv", "scale_vaapi", "scale_vulkan", "tonemap_cuda", "tonemap_opencl", "tonemap_vaapi", "vpp_qsv", "yadif_cuda", "zscale", "alphasrc"]
[2024-08-18 06:44:08.572 +00:00] [INF] [4] MediaBrowser.MediaEncoding.Encoder.MediaEncoder: Available hwaccel types: ["cuda", "vaapi", "qsv", "drm", "opencl", "vulkan"]
[2024-08-18 06:44:09.130 +00:00] [INF] [4] MediaBrowser.MediaEncoding.Encoder.MediaEncoder: FFmpeg: "/usr/lib/jellyfin-ffmpeg/ffmpeg"
[2024-08-18 06:44:09.135 +00:00] [INF] [4] Emby.Server.Implementations.ApplicationHost: ServerId: "e17ba0d83b28405d815dc1dc3ed3b09d"
[2024-08-18 06:44:09.135 +00:00] [INF] [4] Emby.Server.Implementations.ApplicationHost: Core startup complete
[2024-08-18 06:44:09.135 +00:00] [INF] [4] Main: Startup complete 0:00:04.6320914
[2024-08-18 06:44:11.300 +00:00] [INF] [11] Emby.Server.Implementations.ScheduledTasks.TaskManager: "Clean up collections and playlists" Completed after 0 minute(s) and 0 seconds
[2024-08-18 06:44:18.463 +00:00] [INF] [4] Emby.Server.Implementations.ScheduledTasks.TaskManager: "Update Plugins" Completed after 0 minute(s) and 7 seconds
[2024-08-18 07:36:22.937 +00:00] [INF] [45] Emby.Server.Implementations.AppBase.BaseConfigurationManager: Saving system configuration
[2024-08-18 07:36:22.942 +00:00] [INF] [45] Emby.Server.Implementations.AppBase.BaseConfigurationManager: Setting cache path: "/cache"
[2024-08-18 07:36:22.943 +00:00] [INF] [51] Jellyfin.Networking.PortForwardingHost: Stopping NAT discovery
[2024-08-18 07:36:22.994 +00:00] [WRN] [51] Jellyfin.Server.Implementations.Users.UserManager: No users, creating one with username "root"
[2024-08-18 07:37:42.876 +00:00] [INF] [38] Emby.Server.Implementations.AppBase.BaseConfigurationManager: Saving system configuration
[2024-08-18 07:37:42.881 +00:00] [INF] [38] Emby.Server.Implementations.AppBase.BaseConfigurationManager: Setting cache path: "/cache"
[2024-08-18 07:37:45.242 +00:00] [INF] [36] Jellyfin.Networking.Manager.NetworkManager: Defined LAN subnets: ["127.0.0.1/8", "10.0.0.0/8", "172.16.0.0/12", "192.168.0.0/16"]
[2024-08-18 07:37:45.242 +00:00] [INF] [36] Jellyfin.Networking.Manager.NetworkManager: Defined LAN exclusions: []
[2024-08-18 07:37:45.242 +00:00] [INF] [36] Jellyfin.Networking.Manager.NetworkManager: Used LAN subnets: ["127.0.0.1/8", "10.0.0.0/8", "172.16.0.0/12", "192.168.0.0/16"]
[2024-08-18 07:37:45.242 +00:00] [INF] [36] Jellyfin.Networking.Manager.NetworkManager: Filtered interface addresses: ["127.0.0.1", "172.17.0.5"]
[2024-08-18 07:37:45.242 +00:00] [INF] [36] Jellyfin.Networking.Manager.NetworkManager: Bind Addresses ["0.0.0.0"]
[2024-08-18 07:37:45.242 +00:00] [INF] [36] Jellyfin.Networking.Manager.NetworkManager: Remote IP filter is "Allowlist"
[2024-08-18 07:37:45.242 +00:00] [INF] [36] Jellyfin.Networking.Manager.NetworkManager: Filtered subnets: []
[2024-08-18 07:37:47.058 +00:00] [INF] [38] Emby.Server.Implementations.AppBase.BaseConfigurationManager: Saving system configuration
[2024-08-18 07:37:47.063 +00:00] [INF] [38] Emby.Server.Implementations.AppBase.BaseConfigurationManager: Setting cache path: "/cache"
[2024-08-18 07:37:47.067 +00:00] [INF] [39] Emby.Server.Implementations.Library.LibraryManager: Validating media library
[2024-08-18 07:37:47.282 +00:00] [WRN] [39] MediaBrowser.Controller.Entities.BaseItem: Library folder "/config/data/playlists" is inaccessible or empty, skipping
[2024-08-18 07:37:47.402 +00:00] [WRN] [39] MediaBrowser.Controller.Entities.BaseItem: Library folder "/config/data/playlists" is inaccessible or empty, skipping
[2024-08-18 07:37:47.589 +00:00] [INF] [36] MediaBrowser.MediaEncoding.Encoder.MediaEncoder: Starting "/usr/lib/jellyfin-ffmpeg/ffprobe" with args "-analyzeduration 200M -probesize 1G -i file:\"/media/lesson3.mp4\" -threads 0 -v warning -print_format json -show_streams -show_chapters -show_format"
[2024-08-18 07:37:47.589 +00:00] [INF] [38] MediaBrowser.MediaEncoding.Encoder.MediaEncoder: Starting "/usr/lib/jellyfin-ffmpeg/ffprobe" with args "-analyzeduration 200M -probesize 1G -i file:\"/media/lesson6.mp4\" -threads 0 -v warning -print_format json -show_streams -show_chapters -show_format"
[2024-08-18 07:37:47.589 +00:00] [INF] [39] MediaBrowser.MediaEncoding.Encoder.MediaEncoder: Starting "/usr/lib/jellyfin-ffmpeg/ffprobe" with args "-analyzeduration 200M -probesize 1G -i file:\"/media/lesson5.mp4\" -threads 0 -v warning -print_format json -show_streams -show_chapters -show_format"
[2024-08-18 07:37:47.589 +00:00] [INF] [47] MediaBrowser.MediaEncoding.Encoder.MediaEncoder: Starting "/usr/lib/jellyfin-ffmpeg/ffprobe" with args "-analyzeduration 200M -probesize 1G -i file:\"/media/lesson1.mp4\" -threads 0 -v warning -print_format json -show_streams -show_chapters -show_format"
[2024-08-18 07:37:48.831 +00:00] [INF] [36] MediaBrowser.MediaEncoding.Encoder.MediaEncoder: Starting "/usr/lib/jellyfin-ffmpeg/ffprobe" with args "-analyzeduration 200M -probesize 1G -i file:\"/media/lesson2.mp4\" -threads 0 -v warning -print_format json -show_streams -show_chapters -show_format"
[2024-08-18 07:37:48.832 +00:00] [INF] [39] MediaBrowser.MediaEncoding.Encoder.MediaEncoder: Starting "/usr/lib/jellyfin-ffmpeg/ffprobe" with args "-analyzeduration 200M -probesize 1G -i file:\"/media/lesson4.mp4\" -threads 0 -v warning -print_format json -show_streams -show_chapters -show_format"
[2024-08-18 07:37:49.408 +00:00] [INF] [39] Emby.Server.Implementations.ScheduledTasks.TaskManager: "Scan Media Library" Completed after 0 minute(s) and 2 seconds
[2024-08-18 07:37:49.457 +00:00] [INF] [36] Emby.Server.Implementations.IO.LibraryMonitor: Watching directory "/media"
[2024-08-18 07:37:58.090 +00:00] [INF] [41] Jellyfin.Server.Implementations.Users.UserManager: Authentication request for "shohel" has succeeded.
[2024-08-18 07:37:58.090 +00:00] [INF] [41] Emby.Server.Implementations.Session.SessionManager: Current/Max sessions for user "shohel": 0/0
[2024-08-18 07:37:58.093 +00:00] [INF] [41] Emby.Server.Implementations.Session.SessionManager: Creating new access token for user 3d1052e3-0e2f-4679-9534-f6f7bf3ab9a5
[2024-08-18 07:37:59.428 +00:00] [INF] [39] Emby.Server.Implementations.HttpServer.WebSocketManager: WS "100.120.121.5" request
[2024-08-18 07:38:19.169 +00:00] [INF] [45] Jellyfin.Api.Helpers.MediaInfoHelper: User policy for "shohel". EnablePlaybackRemuxing: True EnableVideoPlaybackTranscoding: True EnableAudioPlaybackTranscoding: True
[2024-08-18 07:38:23.605 +00:00] [INF] [36] Emby.Server.Implementations.Session.SessionManager: Playback stopped reported by app "Jellyfin Web" "10.9.9" playing "lesson4". Stopped at "2746" ms
[2024-08-18 07:40:28.737 +00:00] [INF] [11] Emby.Server.Implementations.IO.LibraryMonitor: Stopping directory watching for path "/media"
[2024-08-18 07:40:28.745 +00:00] [INF] [16] Emby.Server.Implementations.Library.LibraryManager: Validating media library
[2024-08-18 07:40:28.767 +00:00] [WRN] [4] MediaBrowser.Controller.Entities.BaseItem: Library folder "/config/data/playlists" is inaccessible or empty, skipping
[2024-08-18 07:40:28.773 +00:00] [WRN] [4] MediaBrowser.Controller.Entities.BaseItem: Library folder "/config/data/playlists" is inaccessible or empty, skipping
[2024-08-18 07:40:28.776 +00:00] [INF] [4] Emby.Server.Implementations.ScheduledTasks.TaskManager: "Scan Media Library" Completed after 0 minute(s) and 0 seconds
[2024-08-18 07:40:35.108 +00:00] [INF] [16] Emby.Server.Implementations.Library.LibraryManager: Validating media library
[2024-08-18 07:40:35.124 +00:00] [WRN] [4] MediaBrowser.Controller.Entities.BaseItem: Library folder "/config/data/playlists" is inaccessible or empty, skipping
[2024-08-18 07:40:35.132 +00:00] [WRN] [4] MediaBrowser.Controller.Entities.BaseItem: Library folder "/config/data/playlists" is inaccessible or empty, skipping
[2024-08-18 07:40:35.138 +00:00] [INF] [16] MediaBrowser.MediaEncoding.Encoder.MediaEncoder: Starting "/usr/lib/jellyfin-ffmpeg/ffprobe" with args "-analyzeduration 200M -probesize 1G -i file:\"/media/Docker/lesson3.mp4\" -threads 0 -v warning -print_format json -show_streams -show_chapters -show_format"
[2024-08-18 07:40:35.138 +00:00] [INF] [4] MediaBrowser.MediaEncoding.Encoder.MediaEncoder: Starting "/usr/lib/jellyfin-ffmpeg/ffprobe" with args "-analyzeduration 200M -probesize 1G -i file:\"/media/Docker/lesson1.mp4\" -threads 0 -v warning -print_format json -show_streams -show_chapters -show_format"
[2024-08-18 07:40:35.138 +00:00] [INF] [6] MediaBrowser.MediaEncoding.Encoder.MediaEncoder: Starting "/usr/lib/jellyfin-ffmpeg/ffprobe" with args "-analyzeduration 200M -probesize 1G -i file:\"/media/Docker/lesson6.mp4\" -threads 0 -v warning -print_format json -show_streams -show_chapters -show_format"
[2024-08-18 07:40:35.138 +00:00] [INF] [37] MediaBrowser.MediaEncoding.Encoder.MediaEncoder: Starting "/usr/lib/jellyfin-ffmpeg/ffprobe" with args "-analyzeduration 200M -probesize 1G -i file:\"/media/Docker/lesson5.mp4\" -threads 0 -v warning -print_format json -show_streams -show_chapters -show_format"
[2024-08-18 07:40:35.852 +00:00] [INF] [6] MediaBrowser.MediaEncoding.Encoder.MediaEncoder: Starting "/usr/lib/jellyfin-ffmpeg/ffprobe" with args "-analyzeduration 200M -probesize 1G -i file:\"/media/Docker/lesson4.mp4\" -threads 0 -v warning -print_format json -show_streams -show_chapters -show_format"
[2024-08-18 07:40:35.928 +00:00] [INF] [16] MediaBrowser.MediaEncoding.Encoder.MediaEncoder: Starting "/usr/lib/jellyfin-ffmpeg/ffprobe" with args "-analyzeduration 200M -probesize 1G -i file:\"/media/Docker/lesson2.mp4\" -threads 0 -v warning -print_format json -show_streams -show_chapters -show_format"
[2024-08-18 07:40:36.422 +00:00] [INF] [6] Emby.Server.Implementations.ScheduledTasks.TaskManager: "Scan Media Library" Completed after 0 minute(s) and 1 seconds
[2024-08-18 07:40:36.423 +00:00] [INF] [16] Emby.Server.Implementations.IO.LibraryMonitor: Watching directory "/media/Docker"
[2024-08-18 07:40:38.387 +00:00] [INF] [16] Emby.Server.Implementations.IO.LibraryMonitor: Stopping directory watching for path "/media/Docker"
[2024-08-18 07:40:38.387 +00:00] [INF] [16] Emby.Server.Implementations.Library.LibraryManager: Validating media library
[2024-08-18 07:40:38.404 +00:00] [WRN] [16] MediaBrowser.Controller.Entities.BaseItem: Library folder "/config/data/playlists" is inaccessible or empty, skipping
[2024-08-18 07:40:38.409 +00:00] [WRN] [16] MediaBrowser.Controller.Entities.BaseItem: Library folder "/config/data/playlists" is inaccessible or empty, skipping
[2024-08-18 07:40:38.418 +00:00] [INF] [37] Emby.Server.Implementations.ScheduledTasks.TaskManager: "Scan Media Library" Completed after 0 minute(s) and 0 seconds
[2024-08-18 07:40:38.418 +00:00] [INF] [11] Emby.Server.Implementations.IO.LibraryMonitor: Watching directory "/media/Docker"
[2024-08-18 07:40:55.007 +00:00] [INF] [16] Emby.Server.Implementations.IO.LibraryMonitor: Stopping directory watching for path "/media/Docker"
[2024-08-18 07:40:55.008 +00:00] [INF] [16] Emby.Server.Implementations.Library.LibraryManager: Validating media library
[2024-08-18 07:40:55.010 +00:00] [WRN] [16] MediaBrowser.Controller.Entities.BaseItem: Library folder "/config/data/playlists" is inaccessible or empty, skipping
[2024-08-18 07:40:55.017 +00:00] [WRN] [16] MediaBrowser.Controller.Entities.BaseItem: Library folder "/config/data/playlists" is inaccessible or empty, skipping
[2024-08-18 07:40:55.023 +00:00] [INF] [6] Emby.Server.Implementations.ScheduledTasks.TaskManager: "Scan Media Library" Completed after 0 minute(s) and 0 seconds
[2024-08-18 07:40:55.023 +00:00] [INF] [42] Emby.Server.Implementations.IO.LibraryMonitor: Watching directory "/media/Docker"
[2024-08-18 07:40:56.146 +00:00] [INF] [6] Emby.Server.Implementations.IO.LibraryMonitor: Stopping directory watching for path "/media/Docker"
[2024-08-18 07:40:56.146 +00:00] [INF] [6] Emby.Server.Implementations.Library.LibraryManager: Validating media library
[2024-08-18 07:40:56.148 +00:00] [WRN] [6] MediaBrowser.Controller.Entities.BaseItem: Library folder "/config/data/playlists" is inaccessible or empty, skipping
[2024-08-18 07:40:56.153 +00:00] [WRN] [42] MediaBrowser.Controller.Entities.BaseItem: Library folder "/config/data/playlists" is inaccessible or empty, skipping
[2024-08-18 07:40:56.159 +00:00] [INF] [37] Emby.Server.Implementations.ScheduledTasks.TaskManager: "Scan Media Library" Completed after 0 minute(s) and 0 seconds
[2024-08-18 07:40:56.160 +00:00] [INF] [11] Emby.Server.Implementations.IO.LibraryMonitor: Watching directory "/media/Docker"
[2024-08-18 07:41:35.230 +00:00] [INF] [6] Jellyfin.Api.Helpers.MediaInfoHelper: User policy for "shohel". EnablePlaybackRemuxing: True EnableVideoPlaybackTranscoding: True EnableAudioPlaybackTranscoding: True
[2024-08-18 07:41:39.767 +00:00] [INF] [43] Emby.Server.Implementations.Session.SessionManager: Playback stopped reported by app "Jellyfin Web" "10.9.9" playing "lesson4". Stopped at "3266" ms
[2024-08-18 07:43:47.436 +00:00] [INF] [43] Emby.Server.Implementations.Session.SessionWebSocketListener: Sending ForceKeepAlive message to 1 inactive WebSockets.
[2024-08-18 07:44:08.285 +00:00] [INF] [36] Emby.Server.Implementations.ScheduledTasks.TaskManager: "Download missing subtitles" Completed after 0 minute(s) and 0 seconds
[2024-08-18 07:44:08.342 +00:00] [INF] [38] Emby.Server.Implementations.ScheduledTasks.TaskManager: "Audio Normalization" Completed after 0 minute(s) and 0 seconds
[2024-08-18 07:44:08.343 +00:00] [INF] [36] Emby.Server.Implementations.ScheduledTasks.TaskManager: "Clean Log Directory" Completed after 0 minute(s) and 0 seconds
[2024-08-18 07:44:08.343 +00:00] [INF] [43] Emby.Server.Implementations.ScheduledTasks.TaskManager: "Clean Transcode Directory" Completed after 0 minute(s) and 0 seconds
[2024-08-18 07:44:08.344 +00:00] [INF] [39] Emby.Server.Implementations.ScheduledTasks.TaskManager: "Clean Cache Directory" Completed after 0 minute(s) and 0 seconds
[2024-08-18 07:44:08.407 +00:00] [INF] [43] Emby.Server.Implementations.IO.LibraryMonitor: Stopping directory watching for path "/media/Docker"
[2024-08-18 07:44:08.407 +00:00] [INF] [43] Emby.Server.Implementations.Library.LibraryManager: Validating media library
[2024-08-18 07:44:08.408 +00:00] [INF] [38] Emby.Server.Implementations.ScheduledTasks.Tasks.OptimizeDatabaseTask: Optimizing and vacuuming jellyfin.db...
[2024-08-18 07:44:08.409 +00:00] [INF] [36] Emby.Server.Implementations.Library.LibraryManager: People validation complete
[2024-08-18 07:44:08.409 +00:00] [INF] [36] Emby.Server.Implementations.ScheduledTasks.TaskManager: "Refresh People" Completed after 0 minute(s) and 0 seconds
[2024-08-18 07:44:08.410 +00:00] [WRN] [43] MediaBrowser.Controller.Entities.BaseItem: Library folder "/config/data/playlists" is inaccessible or empty, skipping
[2024-08-18 07:44:08.443 +00:00] [WRN] [43] MediaBrowser.Controller.Entities.BaseItem: Library folder "/config/data/playlists" is inaccessible or empty, skipping
[2024-08-18 07:44:08.451 +00:00] [INF] [43] Emby.Server.Implementations.ScheduledTasks.TaskManager: "Scan Media Library" Completed after 0 minute(s) and 0 seconds
[2024-08-18 07:44:08.460 +00:00] [INF] [36] Emby.Server.Implementations.ScheduledTasks.TaskManager: "TasksRefreshChannels" Completed after 0 minute(s) and 0 seconds
[2024-08-18 07:44:08.527 +00:00] [INF] [43] Emby.Server.Implementations.IO.LibraryMonitor: Watching directory "/media/Docker"
[2024-08-18 07:44:08.563 +00:00] [INF] [38] Emby.Server.Implementations.ScheduledTasks.Tasks.OptimizeDatabaseTask: jellyfin.db optimized successfully!
[2024-08-18 07:44:08.563 +00:00] [INF] [38] Emby.Server.Implementations.ScheduledTasks.TaskManager: "Optimize database" Completed after 0 minute(s) and 0 seconds
[2024-08-18 07:44:10.307 +00:00] [INF] [39] Emby.Server.Implementations.ScheduledTasks.TaskManager: "Update Plugins" Completed after 0 minute(s) and 1 seconds
[2024-08-18 07:44:11.466 +00:00] [INF] [39] Jellyfin.LiveTv.Guide.GuideManager: Refreshing guide with 7 days of guide data
[2024-08-18 07:44:11.470 +00:00] [INF] [39] Emby.Server.Implementations.ScheduledTasks.TaskManager: "Refresh Guide" Completed after 0 minute(s) and 3 seconds
[2024-08-18 07:46:35.437 +00:00] [INF] [6] Emby.Server.Implementations.Session.SessionWebSocketListener: Sending ForceKeepAlive message to 1 inactive WebSockets.
[2024-08-18 07:49:23.436 +00:00] [INF] [42] Emby.Server.Implementations.Session.SessionWebSocketListener: Sending ForceKeepAlive message to 1 inactive WebSockets.
[2024-08-18 07:52:59.436 +00:00] [INF] [59] Emby.Server.Implementations.Session.SessionWebSocketListener: Sending ForceKeepAlive message to 1 inactive WebSockets.
[2024-08-18 07:55:47.437 +00:00] [INF] [60] Emby.Server.Implementations.Session.SessionWebSocketListener: Sending ForceKeepAlive message to 1 inactive WebSockets.
[2024-08-18 07:58:35.436 +00:00] [INF] [69] Emby.Server.Implementations.Session.SessionWebSocketListener: Sending ForceKeepAlive message to 1 inactive WebSockets.
[2024-08-18 08:01:23.437 +00:00] [INF] [73] Emby.Server.Implementations.Session.SessionWebSocketListener: Sending ForceKeepAlive message to 1 inactive WebSockets.
[2024-08-18 08:05:56.656 +00:00] [INF] [91] Emby.Server.Implementations.IO.LibraryMonitor: Stopping directory watching for path "/media/Docker"
[2024-08-18 08:05:56.669 +00:00] [WRN] [89] MediaBrowser.Controller.Entities.BaseItem: Library folder "/config/data/playlists" is inaccessible or empty, skipping
[2024-08-18 08:05:56.671 +00:00] [INF] [89] Emby.Server.Implementations.Library.LibraryManager: Removing item, Type: "PlaylistsFolder", Name: "Playlists", Path: "/config/data/playlists", Id: 1071671e-7bff-a053-2e93-0debee501d2e
[2024-08-18 08:05:56.674 +00:00] [INF] [89] Emby.Server.Implementations.Library.LibraryManager: Removing item, Type: "Folder", Name: "media", Path: "/media", Id: 92fde71d-0ec5-77b5-31e7-b3427b223bed
[2024-08-18 08:05:56.737 +00:00] [INF] [89] Emby.Server.Implementations.Library.LibraryManager: Removing item, Type: "Folder", Name: "Docker", Path: "/media/Docker", Id: 0ace6692-4633-52b2-a71d-fc5d921db688
[2024-08-18 08:05:56.743 +00:00] [INF] [91] Emby.Server.Implementations.Library.LibraryManager: Removing item, Type: "CollectionFolder", Name: "Shows", Path: "/config/root/default/Shows", Id: a656b907-eb3a-7353-2e40-e44b968d0225
[2024-08-18 08:05:56.745 +00:00] [INF] [89] Emby.Server.Implementations.Library.LibraryManager: Validating media library
[2024-08-18 08:05:56.747 +00:00] [WRN] [89] MediaBrowser.Controller.Entities.BaseItem: Library folder "/config/data/playlists" is inaccessible or empty, skipping
[2024-08-18 08:05:56.749 +00:00] [WRN] [94] MediaBrowser.Controller.Entities.BaseItem: Library folder "/config/data/playlists" is inaccessible or empty, skipping
[2024-08-18 08:05:56.751 +00:00] [INF] [94] Emby.Server.Implementations.ScheduledTasks.TaskManager: "Scan Media Library" Completed after 0 minute(s) and 0 seconds
[2024-08-18 08:07:03.414 +00:00] [WRN] [85] MediaBrowser.Controller.Entities.BaseItem: Library folder "/config/data/playlists" is inaccessible or empty, skipping
[2024-08-18 08:07:03.421 +00:00] [INF] [93] Emby.Server.Implementations.Library.LibraryManager: Validating media library
[2024-08-18 08:07:03.423 +00:00] [WRN] [93] MediaBrowser.Controller.Entities.BaseItem: Library folder "/config/data/playlists" is inaccessible or empty, skipping
[2024-08-18 08:07:03.428 +00:00] [WRN] [92] MediaBrowser.Controller.Entities.BaseItem: Library folder "/config/data/playlists" is inaccessible or empty, skipping
[2024-08-18 08:07:03.432 +00:00] [INF] [93] MediaBrowser.MediaEncoding.Encoder.MediaEncoder: Starting "/usr/lib/jellyfin-ffmpeg/ffprobe" with args "-analyzeduration 200M -probesize 1G -i file:\"/media/Docker/lesson5.mp4\" -threads 0 -v warning -print_format json -show_streams -show_chapters -show_format"
[2024-08-18 08:07:03.434 +00:00] [INF] [91] MediaBrowser.MediaEncoding.Encoder.MediaEncoder: Starting "/usr/lib/jellyfin-ffmpeg/ffprobe" with args "-analyzeduration 200M -probesize 1G -i file:\"/media/Docker/lesson3.mp4\" -threads 0 -v warning -print_format json -show_streams -show_chapters -show_format"
[2024-08-18 08:07:03.434 +00:00] [INF] [92] MediaBrowser.MediaEncoding.Encoder.MediaEncoder: Starting "/usr/lib/jellyfin-ffmpeg/ffprobe" with args "-analyzeduration 200M -probesize 1G -i file:\"/media/Docker/lesson1.mp4\" -threads 0 -v warning -print_format json -show_streams -show_chapters -show_format"
[2024-08-18 08:07:03.434 +00:00] [INF] [89] MediaBrowser.MediaEncoding.Encoder.MediaEncoder: Starting "/usr/lib/jellyfin-ffmpeg/ffprobe" with args "-analyzeduration 200M -probesize 1G -i file:\"/media/Docker/lesson6.mp4\" -threads 0 -v warning -print_format json -show_streams -show_chapters -show_format"
[2024-08-18 08:07:04.143 +00:00] [INF] [93] MediaBrowser.MediaEncoding.Encoder.MediaEncoder: Starting "/usr/lib/jellyfin-ffmpeg/ffprobe" with args "-analyzeduration 200M -probesize 1G -i file:\"/media/Docker/lesson4.mp4\" -threads 0 -v warning -print_format json -show_streams -show_chapters -show_format"
[2024-08-18 08:07:04.150 +00:00] [INF] [89] MediaBrowser.MediaEncoding.Encoder.MediaEncoder: Starting "/usr/lib/jellyfin-ffmpeg/ffprobe" with args "-analyzeduration 200M -probesize 1G -i file:\"/media/Docker/lesson2.mp4\" -threads 0 -v warning -print_format json -show_streams -show_chapters -show_format"
[2024-08-18 08:07:04.688 +00:00] [INF] [92] Emby.Server.Implementations.ScheduledTasks.TaskManager: "Scan Media Library" Completed after 0 minute(s) and 1 seconds
[2024-08-18 08:07:04.688 +00:00] [INF] [91] Emby.Server.Implementations.IO.LibraryMonitor: Watching directory "/media/Docker"
[2024-08-18 08:09:47.436 +00:00] [INF] [83] Emby.Server.Implementations.Session.SessionWebSocketListener: Sending ForceKeepAlive message to 1 inactive WebSockets.
[2024-08-18 08:12:35.435 +00:00] [INF] [65] Emby.Server.Implementations.Session.SessionWebSocketListener: Sending ForceKeepAlive message to 1 inactive WebSockets.
[2024-08-18 08:15:23.436 +00:00] [INF] [68] Emby.Server.Implementations.Session.SessionWebSocketListener: Sending ForceKeepAlive message to 1 inactive WebSockets.
