[2024-08-21 02:00:00.006 +00:00] [INF] [211] Emby.Server.Implementations.ScheduledTasks.TaskManager: "Extract Chapter Images" Completed after 0 minute(s) and 0 seconds
[2024-08-21 02:00:01.001 +00:00] [INF] [211] Emby.Server.Implementations.ScheduledTasks.TaskManager: Daily trigger for "Extract Chapter Images" set to fire at 2024-08-22 02:00:00.000 +00:00, which is 23:59:58.9982665 from now.
[2024-08-21 03:00:00.006 +00:00] [INF] [183] Emby.Server.Implementations.ScheduledTasks.TaskManager: "Generate Trickplay Images" Completed after 0 minute(s) and 0 seconds
[2024-08-21 03:00:01.002 +00:00] [INF] [180] Emby.Server.Implementations.ScheduledTasks.TaskManager: Daily trigger for "Generate Trickplay Images" set to fire at 2024-08-22 03:00:00.000 +00:00, which is 23:59:58.9975387 from now.
[2024-08-21 11:21:33.025 +00:00] [INF] [165] Emby.Server.Implementations.ScheduledTasks.TaskManager: "Download missing subtitles" Completed after 0 minute(s) and 0 seconds
[2024-08-21 11:21:33.025 +00:00] [INF] [164] Emby.Server.Implementations.ScheduledTasks.TaskManager: "Audio Normalization" Completed after 0 minute(s) and 0 seconds
[2024-08-21 11:21:33.097 +00:00] [INF] [165] Emby.Server.Implementations.ScheduledTasks.TaskManager: "TasksRefreshChannels" Completed after 0 minute(s) and 0 seconds
[2024-08-21 11:21:33.145 +00:00] [INF] [165] Emby.Server.Implementations.ScheduledTasks.TaskManager: "Clean Transcode Directory" Completed after 0 minute(s) and 0 seconds
[2024-08-21 11:21:33.171 +00:00] [INF] [165] Emby.Server.Implementations.ScheduledTasks.TaskManager: "Clean Log Directory" Completed after 0 minute(s) and 0 seconds
[2024-08-21 11:21:33.195 +00:00] [INF] [166] Emby.Server.Implementations.ScheduledTasks.TaskManager: "Clean Cache Directory" Completed after 0 minute(s) and 0 seconds
[2024-08-21 11:21:33.217 +00:00] [INF] [166] Emby.Server.Implementations.ScheduledTasks.Tasks.OptimizeDatabaseTask: Optimizing and vacuuming jellyfin.db...
[2024-08-21 11:21:33.243 +00:00] [INF] [166] Emby.Server.Implementations.ScheduledTasks.Tasks.OptimizeDatabaseTask: jellyfin.db optimized successfully!
[2024-08-21 11:21:33.243 +00:00] [INF] [166] Emby.Server.Implementations.ScheduledTasks.TaskManager: "Optimize database" Completed after 0 minute(s) and 0 seconds
[2024-08-21 11:21:33.366 +00:00] [INF] [165] Emby.Server.Implementations.Library.LibraryManager: Validating media library
[2024-08-21 11:21:33.368 +00:00] [WRN] [165] MediaBrowser.Controller.Entities.BaseItem: Library folder "/config/data/playlists" is inaccessible or empty, skipping
[2024-08-21 11:21:33.371 +00:00] [WRN] [167] MediaBrowser.Controller.Entities.BaseItem: Library folder "/config/data/playlists" is inaccessible or empty, skipping
[2024-08-21 11:21:33.374 +00:00] [INF] [166] Emby.Server.Implementations.ScheduledTasks.TaskManager: "Scan Media Library" Completed after 0 minute(s) and 0 seconds
[2024-08-21 11:21:35.114 +00:00] [INF] [162] Emby.Server.Implementations.ScheduledTasks.TaskManager: "Update Plugins" Completed after 0 minute(s) and 2 seconds
[2024-08-21 12:21:37.030 +00:00] [INF] [81] Jellyfin.LiveTv.Guide.GuideManager: Refreshing guide with 7 days of guide data
[2024-08-21 12:21:37.031 +00:00] [INF] [81] Emby.Server.Implementations.ScheduledTasks.TaskManager: "Refresh Guide" Completed after 0 minute(s) and 3 seconds
[2024-08-21 23:21:33.375 +00:00] [INF] [74] Emby.Server.Implementations.Library.LibraryManager: Validating media library
[2024-08-21 23:21:33.378 +00:00] [WRN] [74] MediaBrowser.Controller.Entities.BaseItem: Library folder "/config/data/playlists" is inaccessible or empty, skipping
[2024-08-21 23:21:33.380 +00:00] [WRN] [75] MediaBrowser.Controller.Entities.BaseItem: Library folder "/config/data/playlists" is inaccessible or empty, skipping
[2024-08-21 23:21:33.383 +00:00] [INF] [75] Emby.Server.Implementations.ScheduledTasks.TaskManager: "Scan Media Library" Completed after 0 minute(s) and 0 seconds
