[2024-08-24 02:00:00.014 +00:00] [INF] [34] Emby.Server.Implementations.ScheduledTasks.TaskManager: "Extract Chapter Images" Completed after 0 minute(s) and 0 seconds
[2024-08-24 02:00:01.001 +00:00] [INF] [36] Emby.Server.Implementations.ScheduledTasks.TaskManager: Daily trigger for "Extract Chapter Images" set to fire at 2024-08-25 02:00:00.000 +00:00, which is 23:59:58.9982486 from now.
[2024-08-24 03:00:00.011 +00:00] [INF] [27] Emby.Server.Implementations.ScheduledTasks.TaskManager: "Generate Trickplay Images" Completed after 0 minute(s) and 0 seconds
[2024-08-24 03:00:01.001 +00:00] [INF] [31] Emby.Server.Implementations.ScheduledTasks.TaskManager: Daily trigger for "Generate Trickplay Images" set to fire at 2024-08-25 03:00:00.000 +00:00, which is 23:59:58.9985238 from now.
[2024-08-24 06:05:42.674 +00:00] [INF] [140] Emby.Server.Implementations.IO.LibraryMonitor: Stopping directory watching for path "/media/Docker"
[2024-08-24 06:05:42.675 +00:00] [INF] [140] Emby.Server.Implementations.Library.LibraryManager: Validating media library
[2024-08-24 06:05:42.679 +00:00] [WRN] [140] MediaBrowser.Controller.Entities.BaseItem: Library folder "/config/data/playlists" is inaccessible or empty, skipping
[2024-08-24 06:05:42.712 +00:00] [WRN] [137] MediaBrowser.Controller.Entities.BaseItem: Library folder "/config/data/playlists" is inaccessible or empty, skipping
[2024-08-24 06:05:42.719 +00:00] [INF] [143] Emby.Server.Implementations.ScheduledTasks.TaskManager: "Scan Media Library" Completed after 0 minute(s) and 0 seconds
[2024-08-24 06:05:42.719 +00:00] [INF] [134] Emby.Server.Implementations.IO.LibraryMonitor: Watching directory "/media/Docker"
[2024-08-24 18:05:42.161 +00:00] [INF] [123] Emby.Server.Implementations.ScheduledTasks.TaskManager: "Download missing subtitles" Completed after 0 minute(s) and 0 seconds
[2024-08-24 18:05:42.197 +00:00] [INF] [123] Emby.Server.Implementations.ScheduledTasks.TaskManager: "Clean Log Directory" Completed after 0 minute(s) and 0 seconds
[2024-08-24 18:05:42.198 +00:00] [INF] [6] Emby.Server.Implementations.ScheduledTasks.TaskManager: "Audio Normalization" Completed after 0 minute(s) and 0 seconds
[2024-08-24 18:05:42.252 +00:00] [INF] [122] Emby.Server.Implementations.ScheduledTasks.TaskManager: "Clean Cache Directory" Completed after 0 minute(s) and 0 seconds
[2024-08-24 18:05:42.309 +00:00] [INF] [143] Emby.Server.Implementations.ScheduledTasks.TaskManager: "Clean Transcode Directory" Completed after 0 minute(s) and 0 seconds
[2024-08-24 18:05:42.351 +00:00] [INF] [123] Emby.Server.Implementations.ScheduledTasks.TaskManager: "TasksRefreshChannels" Completed after 0 minute(s) and 0 seconds
[2024-08-24 18:05:42.379 +00:00] [INF] [123] Emby.Server.Implementations.ScheduledTasks.Tasks.OptimizeDatabaseTask: Optimizing and vacuuming jellyfin.db...
[2024-08-24 18:05:42.405 +00:00] [INF] [123] Emby.Server.Implementations.ScheduledTasks.Tasks.OptimizeDatabaseTask: jellyfin.db optimized successfully!
[2024-08-24 18:05:42.405 +00:00] [INF] [123] Emby.Server.Implementations.ScheduledTasks.TaskManager: "Optimize database" Completed after 0 minute(s) and 0 seconds
[2024-08-24 18:05:42.719 +00:00] [INF] [143] Emby.Server.Implementations.IO.LibraryMonitor: Stopping directory watching for path "/media/Docker"
[2024-08-24 18:05:42.719 +00:00] [INF] [143] Emby.Server.Implementations.Library.LibraryManager: Validating media library
[2024-08-24 18:05:42.722 +00:00] [WRN] [143] MediaBrowser.Controller.Entities.BaseItem: Library folder "/config/data/playlists" is inaccessible or empty, skipping
[2024-08-24 18:05:42.726 +00:00] [WRN] [122] MediaBrowser.Controller.Entities.BaseItem: Library folder "/config/data/playlists" is inaccessible or empty, skipping
[2024-08-24 18:05:42.733 +00:00] [INF] [123] Emby.Server.Implementations.ScheduledTasks.TaskManager: "Scan Media Library" Completed after 0 minute(s) and 0 seconds
[2024-08-24 18:05:42.733 +00:00] [INF] [122] Emby.Server.Implementations.IO.LibraryMonitor: Watching directory "/media/Docker"
[2024-08-24 18:05:45.428 +00:00] [INF] [122] Emby.Server.Implementations.ScheduledTasks.TaskManager: "Update Plugins" Completed after 0 minute(s) and 3 seconds
[2024-08-24 19:05:46.307 +00:00] [INF] [134] Jellyfin.LiveTv.Guide.GuideManager: Refreshing guide with 7 days of guide data
[2024-08-24 19:05:46.308 +00:00] [INF] [134] Emby.Server.Implementations.ScheduledTasks.TaskManager: "Refresh Guide" Completed after 0 minute(s) and 3 seconds
