[2024-08-19 02:00:00.006 +00:00] [INF] [173] Emby.Server.Implementations.ScheduledTasks.TaskManager: "Extract Chapter Images" Completed after 0 minute(s) and 0 seconds
[2024-08-19 02:00:01.001 +00:00] [INF] [169] Emby.Server.Implementations.ScheduledTasks.TaskManager: Daily trigger for "Extract Chapter Images" set to fire at 2024-08-20 02:00:00.000 +00:00, which is 23:59:58.9984172 from now.
[2024-08-19 03:00:00.011 +00:00] [INF] [138] Emby.Server.Implementations.ScheduledTasks.TaskManager: "Generate Trickplay Images" Completed after 0 minute(s) and 0 seconds
[2024-08-19 03:00:01.001 +00:00] [INF] [138] Emby.Server.Implementations.ScheduledTasks.TaskManager: Daily trigger for "Generate Trickplay Images" set to fire at 2024-08-20 03:00:00.000 +00:00, which is 23:59:58.9983888 from now.
[2024-08-19 04:30:59.282 +00:00] [INF] [213] Emby.Server.Implementations.Session.SessionManager: Sending shutdown notifications
[2024-08-19 04:30:59.292 +00:00] [INF] [28] Jellyfin.Networking.PortForwardingHost: Stopping NAT discovery
[2024-08-19 04:30:59.296 +00:00] [INF] [212] Main: Running query planner optimizations in the database... This might take a while
[2024-08-19 04:30:59.314 +00:00] [INF] [28] Emby.Server.Implementations.IO.LibraryMonitor: Stopping directory watching for path "/media/Docker"
[2024-08-19 04:30:59.341 +00:00] [INF] [212] Emby.Server.Implementations.ApplicationHost: Disposing "CoreAppHost"
[2024-08-19 04:30:59.341 +00:00] [INF] [212] Emby.Server.Implementations.ApplicationHost: Disposing "MusicBrainzArtistProvider"
[2024-08-19 04:30:59.342 +00:00] [INF] [212] Emby.Server.Implementations.ApplicationHost: Disposing "MusicBrainzAlbumProvider"
[2024-08-19 04:30:59.342 +00:00] [INF] [212] Emby.Server.Implementations.ApplicationHost: Disposing "PluginManager"
[2024-08-19 04:31:00.828 +00:00] [INF] [1] Main: Jellyfin version: "10.9.9"
[2024-08-19 04:31:00.850 +00:00] [INF] [1] Main: Environment Variables: ["[JELLYFIN_DATA_DIR, /config]", "[JELLYFIN_LOG_DIR, /config/log]", "[JELLYFIN_FFMPEG, /usr/lib/jellyfin-ffmpeg/ffmpeg]", "[JELLYFIN_WEB_DIR, /jellyfin/jellyfin-web]", "[JELLYFIN_CACHE_DIR, /cache]", "[JELLYFIN_CONFIG_DIR, /config/config]"]
[2024-08-19 04:31:00.852 +00:00] [INF] [1] Main: Arguments: ["/jellyfin/jellyfin.dll"]
[2024-08-19 04:31:00.853 +00:00] [INF] [1] Main: Operating system: "Debian GNU/Linux 12 (bookworm)"
[2024-08-19 04:31:00.853 +00:00] [INF] [1] Main: Architecture: X64
[2024-08-19 04:31:00.853 +00:00] [INF] [1] Main: 64-Bit Process: True
[2024-08-19 04:31:00.853 +00:00] [INF] [1] Main: User Interactive: True
[2024-08-19 04:31:00.853 +00:00] [INF] [1] Main: Processor count: 4
[2024-08-19 04:31:00.854 +00:00] [INF] [1] Main: Program data path: "/config"
[2024-08-19 04:31:00.854 +00:00] [INF] [1] Main: Log directory path: "/config/log"
[2024-08-19 04:31:00.854 +00:00] [INF] [1] Main: Config directory path: "/config/config"
[2024-08-19 04:31:00.854 +00:00] [INF] [1] Main: Cache path: "/cache"
[2024-08-19 04:31:00.854 +00:00] [INF] [1] Main: Web resources path: "/jellyfin/jellyfin-web"
[2024-08-19 04:31:00.854 +00:00] [INF] [1] Main: Application directory: "/jellyfin/"
[2024-08-19 04:31:00.998 +00:00] [INF] [1] Emby.Server.Implementations.AppBase.BaseConfigurationManager: Setting cache path: "/cache"
[2024-08-19 04:31:01.032 +00:00] [INF] [1] Emby.Server.Implementations.ApplicationHost: Loading assemblies
[2024-08-19 04:31:01.118 +00:00] [INF] [1] Jellyfin.Networking.Manager.NetworkManager: Defined LAN subnets: ["127.0.0.1/8", "10.0.0.0/8", "172.16.0.0/12", "192.168.0.0/16"]
[2024-08-19 04:31:01.118 +00:00] [INF] [1] Jellyfin.Networking.Manager.NetworkManager: Defined LAN exclusions: []
[2024-08-19 04:31:01.119 +00:00] [INF] [1] Jellyfin.Networking.Manager.NetworkManager: Used LAN subnets: ["127.0.0.1/8", "10.0.0.0/8", "172.16.0.0/12", "192.168.0.0/16"]
[2024-08-19 04:31:01.120 +00:00] [INF] [1] Jellyfin.Networking.Manager.NetworkManager: Filtered interface addresses: ["127.0.0.1", "172.18.0.2"]
[2024-08-19 04:31:01.120 +00:00] [INF] [1] Jellyfin.Networking.Manager.NetworkManager: Bind Addresses ["0.0.0.0"]
[2024-08-19 04:31:01.120 +00:00] [INF] [1] Jellyfin.Networking.Manager.NetworkManager: Remote IP filter is "Allowlist"
[2024-08-19 04:31:01.120 +00:00] [INF] [1] Jellyfin.Networking.Manager.NetworkManager: Filtered subnets: []
[2024-08-19 04:31:02.869 +00:00] [INF] [1] Emby.Server.Implementations.Plugins.PluginManager: Loaded plugin: "TMDb" "10.9.9.0"
[2024-08-19 04:31:02.870 +00:00] [INF] [1] Emby.Server.Implementations.Plugins.PluginManager: Loaded plugin: "Studio Images" "10.9.9.0"
[2024-08-19 04:31:02.870 +00:00] [INF] [1] Emby.Server.Implementations.Plugins.PluginManager: Loaded plugin: "OMDb" "10.9.9.0"
[2024-08-19 04:31:02.893 +00:00] [INF] [1] Emby.Server.Implementations.Plugins.PluginManager: Loaded plugin: "MusicBrainz" "10.9.9.0"
[2024-08-19 04:31:02.893 +00:00] [INF] [1] Emby.Server.Implementations.Plugins.PluginManager: Loaded plugin: "AudioDB" "10.9.9.0"
[2024-08-19 04:31:02.955 +00:00] [WRN] [1] Microsoft.AspNetCore.DataProtection.Repositories.EphemeralXmlRepository: Using an in-memory repository. Keys will not be persisted to storage.
[2024-08-19 04:31:02.956 +00:00] [WRN] [1] Microsoft.AspNetCore.DataProtection.KeyManagement.XmlKeyManager: Neither user profile nor HKLM registry available. Using an ephemeral key repository. Protected data will be unavailable when application exits.
[2024-08-19 04:31:02.998 +00:00] [INF] [1] Main: Kestrel is listening on "0.0.0.0"
[2024-08-19 04:31:03.014 +00:00] [WRN] [1] Microsoft.AspNetCore.DataProtection.KeyManagement.XmlKeyManager: No XML encryptor configured. Key {9c4e1ac6-d919-4c66-9a92-1612b6b3aff7} may be persisted to storage in unencrypted form.
[2024-08-19 04:31:03.617 +00:00] [WRN] [1] Microsoft.AspNetCore.StaticFiles.StaticFileMiddleware: The WebRootPath was not found: "/wwwroot". Static files may be unavailable.
[2024-08-19 04:31:03.651 +00:00] [INF] [1] Emby.Server.Implementations.ApplicationHost: Running startup tasks
[2024-08-19 04:31:03.652 +00:00] [INF] [10] Emby.Server.Implementations.IO.LibraryMonitor: Watching directory "/media/Docker"
[2024-08-19 04:31:03.671 +00:00] [INF] [1] Emby.Server.Implementations.ScheduledTasks.TaskManager: Daily trigger for "Generate Trickplay Images" set to fire at 2024-08-20 03:00:00.000 +00:00, which is 22:28:56.3289675 from now.
[2024-08-19 04:31:03.675 +00:00] [INF] [1] Emby.Server.Implementations.ScheduledTasks.TaskManager: Daily trigger for "Extract Chapter Images" set to fire at 2024-08-20 02:00:00.000 +00:00, which is 21:28:56.3247632 from now.
[2024-08-19 04:31:03.712 +00:00] [INF] [1] MediaBrowser.MediaEncoding.Encoder.MediaEncoder: Found ffmpeg version "6.0.1"
[2024-08-19 04:31:03.773 +00:00] [INF] [1] MediaBrowser.MediaEncoding.Encoder.MediaEncoder: Available "decoders": ["libdav1d", "av1", "av1_cuvid", "av1_qsv", "h264", "h264_qsv", "h264_cuvid", "hevc", "hevc_qsv", "hevc_cuvid", "mpeg2video", "mpeg2_qsv", "mpeg2_cuvid", "mpeg4", "mpeg4_cuvid", "msmpeg4", "vc1_qsv", "vc1_cuvid", "vp8", "libvpx", "vp8_cuvid", "vp8_qsv", "vp9", "libvpx-vp9", "vp9_cuvid", "vp9_qsv", "aac", "ac3", "dca", "flac", "mp3", "truehd"]
[2024-08-19 04:31:03.798 +00:00] [INF] [1] MediaBrowser.MediaEncoding.Encoder.MediaEncoder: Available "encoders": ["libsvtav1", "av1_nvenc", "av1_qsv", "av1_amf", "av1_vaapi", "libx264", "h264_amf", "h264_nvenc", "h264_qsv", "h264_v4l2m2m", "h264_vaapi", "libx265", "hevc_amf", "hevc_nvenc", "hevc_qsv", "hevc_vaapi", "mjpeg_qsv", "mjpeg_vaapi", "mpeg4", "msmpeg4", "libvpx", "libvpx-vp9", "aac", "libfdk_aac", "ac3", "alac", "dca", "flac", "libmp3lame", "libopus", "truehd", "libvorbis", "srt"]
[2024-08-19 04:31:03.822 +00:00] [INF] [1] MediaBrowser.MediaEncoding.Encoder.MediaEncoder: Available filters: ["deinterlace_qsv", "deinterlace_vaapi", "hwupload_cuda", "hwupload_vaapi", "libplacebo", "overlay_opencl", "overlay_qsv", "overlay_vaapi", "overlay_vulkan", "overlay_cuda", "procamp_vaapi", "scale_cuda", "scale_opencl", "scale_qsv", "scale_vaapi", "scale_vulkan", "tonemap_cuda", "tonemap_opencl", "tonemap_vaapi", "vpp_qsv", "yadif_cuda", "zscale", "alphasrc"]
[2024-08-19 04:31:03.963 +00:00] [INF] [1] MediaBrowser.MediaEncoding.Encoder.MediaEncoder: Available hwaccel types: ["cuda", "vaapi", "qsv", "drm", "opencl", "vulkan"]
[2024-08-19 04:31:04.503 +00:00] [INF] [1] MediaBrowser.MediaEncoding.Encoder.MediaEncoder: FFmpeg: "/usr/lib/jellyfin-ffmpeg/ffmpeg"
[2024-08-19 04:31:04.504 +00:00] [INF] [1] Emby.Server.Implementations.ApplicationHost: ServerId: "79f224ec47f14d4a97f8c0d92f5a8fdb"
[2024-08-19 04:31:04.504 +00:00] [INF] [1] Emby.Server.Implementations.ApplicationHost: Core startup complete
[2024-08-19 04:31:04.504 +00:00] [INF] [1] Main: Startup complete 0:00:03.8600611
[2024-08-19 04:31:06.690 +00:00] [INF] [8] Emby.Server.Implementations.ScheduledTasks.TaskManager: "Clean up collections and playlists" Completed after 0 minute(s) and 0 seconds
[2024-08-19 04:31:07.100 +00:00] [INF] [10] Jellyfin.Api.Auth.CustomAuthenticationHandler: "CustomAuthentication" was not authenticated. Failure message: "Invalid token."
[2024-08-19 04:31:07.113 +00:00] [ERR] [10] Jellyfin.Api.Middleware.ExceptionMiddleware: Error processing request: "Invalid token". URL "GET" "/socket".
[2024-08-19 04:31:08.850 +00:00] [INF] [11] Emby.Server.Implementations.ScheduledTasks.TaskManager: "Update Plugins" Completed after 0 minute(s) and 2 seconds
[2024-08-19 04:33:19.170 +00:00] [INF] [19] Jellyfin.Server.Implementations.Users.UserManager: Authentication request for "shohel" has been denied (IP: "100.120.121.5").
[2024-08-19 04:33:19.172 +00:00] [ERR] [19] Jellyfin.Api.Middleware.ExceptionMiddleware: Error processing request: "Invalid username or password entered". URL "POST" "/Users/authenticatebyname".
[2024-08-19 04:33:34.120 +00:00] [INF] [19] Jellyfin.Server.Implementations.Users.UserManager: Authentication request for "root" has succeeded.
[2024-08-19 04:33:34.122 +00:00] [INF] [19] Emby.Server.Implementations.Session.SessionManager: Current/Max sessions for user "root": 0/0
[2024-08-19 04:33:34.123 +00:00] [INF] [19] Emby.Server.Implementations.Session.SessionManager: Creating new access token for user 81891a70-8af6-4ab1-a527-edb8a8794fb5
[2024-08-19 04:33:34.464 +00:00] [INF] [8] Emby.Server.Implementations.HttpServer.WebSocketManager: WS "100.120.121.5" request
[2024-08-19 04:36:22.471 +00:00] [INF] [34] Emby.Server.Implementations.Session.SessionWebSocketListener: Sending ForceKeepAlive message to 1 inactive WebSockets.
[2024-08-19 04:39:58.472 +00:00] [INF] [39] Emby.Server.Implementations.Session.SessionWebSocketListener: Sending ForceKeepAlive message to 1 inactive WebSockets.
[2024-08-19 04:42:46.472 +00:00] [INF] [53] Emby.Server.Implementations.Session.SessionWebSocketListener: Sending ForceKeepAlive message to 1 inactive WebSockets.
[2024-08-19 04:45:34.472 +00:00] [INF] [50] Emby.Server.Implementations.Session.SessionWebSocketListener: Sending ForceKeepAlive message to 1 inactive WebSockets.
[2024-08-19 04:48:22.472 +00:00] [INF] [71] Emby.Server.Implementations.Session.SessionWebSocketListener: Sending ForceKeepAlive message to 1 inactive WebSockets.
[2024-08-19 04:51:58.472 +00:00] [INF] [75] Emby.Server.Implementations.Session.SessionWebSocketListener: Sending ForceKeepAlive message to 1 inactive WebSockets.
[2024-08-19 04:54:46.472 +00:00] [INF] [85] Emby.Server.Implementations.Session.SessionWebSocketListener: Sending ForceKeepAlive message to 1 inactive WebSockets.
[2024-08-19 04:57:34.472 +00:00] [INF] [93] Emby.Server.Implementations.Session.SessionWebSocketListener: Sending ForceKeepAlive message to 1 inactive WebSockets.
[2024-08-19 05:00:22.472 +00:00] [INF] [103] Emby.Server.Implementations.Session.SessionWebSocketListener: Sending ForceKeepAlive message to 1 inactive WebSockets.
[2024-08-19 05:03:58.472 +00:00] [INF] [107] Emby.Server.Implementations.Session.SessionWebSocketListener: Sending ForceKeepAlive message to 1 inactive WebSockets.
[2024-08-19 05:06:46.472 +00:00] [INF] [113] Emby.Server.Implementations.Session.SessionWebSocketListener: Sending ForceKeepAlive message to 1 inactive WebSockets.
[2024-08-19 05:09:34.472 +00:00] [INF] [120] Emby.Server.Implementations.Session.SessionWebSocketListener: Sending ForceKeepAlive message to 1 inactive WebSockets.
[2024-08-19 05:12:22.472 +00:00] [INF] [131] Emby.Server.Implementations.Session.SessionWebSocketListener: Sending ForceKeepAlive message to 1 inactive WebSockets.
[2024-08-19 05:15:58.472 +00:00] [INF] [138] Emby.Server.Implementations.Session.SessionWebSocketListener: Sending ForceKeepAlive message to 1 inactive WebSockets.
[2024-08-19 05:18:46.472 +00:00] [INF] [143] Emby.Server.Implementations.Session.SessionWebSocketListener: Sending ForceKeepAlive message to 1 inactive WebSockets.
[2024-08-19 05:21:34.472 +00:00] [INF] [150] Emby.Server.Implementations.Session.SessionWebSocketListener: Sending ForceKeepAlive message to 1 inactive WebSockets.
[2024-08-19 05:24:22.473 +00:00] [INF] [164] Emby.Server.Implementations.Session.SessionWebSocketListener: Sending ForceKeepAlive message to 1 inactive WebSockets.
[2024-08-19 05:27:58.472 +00:00] [INF] [166] Emby.Server.Implementations.Session.SessionWebSocketListener: Sending ForceKeepAlive message to 1 inactive WebSockets.
[2024-08-19 05:30:46.472 +00:00] [INF] [174] Emby.Server.Implementations.Session.SessionWebSocketListener: Sending ForceKeepAlive message to 1 inactive WebSockets.
[2024-08-19 05:33:34.472 +00:00] [INF] [173] Emby.Server.Implementations.Session.SessionWebSocketListener: Sending ForceKeepAlive message to 1 inactive WebSockets.
[2024-08-19 05:36:22.472 +00:00] [INF] [165] Emby.Server.Implementations.Session.SessionWebSocketListener: Sending ForceKeepAlive message to 1 inactive WebSockets.
[2024-08-19 05:39:58.472 +00:00] [INF] [151] Emby.Server.Implementations.Session.SessionWebSocketListener: Sending ForceKeepAlive message to 1 inactive WebSockets.
[2024-08-19 05:42:46.471 +00:00] [INF] [146] Emby.Server.Implementations.Session.SessionWebSocketListener: Sending ForceKeepAlive message to 1 inactive WebSockets.
[2024-08-19 05:45:34.472 +00:00] [INF] [136] Emby.Server.Implementations.Session.SessionWebSocketListener: Sending ForceKeepAlive message to 1 inactive WebSockets.
[2024-08-19 05:48:22.471 +00:00] [INF] [130] Emby.Server.Implementations.Session.SessionWebSocketListener: Sending ForceKeepAlive message to 1 inactive WebSockets.
[2024-08-19 05:51:58.472 +00:00] [INF] [124] Emby.Server.Implementations.Session.SessionWebSocketListener: Sending ForceKeepAlive message to 1 inactive WebSockets.
[2024-08-19 05:54:46.472 +00:00] [INF] [115] Emby.Server.Implementations.Session.SessionWebSocketListener: Sending ForceKeepAlive message to 1 inactive WebSockets.
[2024-08-19 05:57:34.472 +00:00] [INF] [112] Emby.Server.Implementations.Session.SessionWebSocketListener: Sending ForceKeepAlive message to 1 inactive WebSockets.
[2024-08-19 06:00:22.473 +00:00] [INF] [102] Emby.Server.Implementations.Session.SessionWebSocketListener: Sending ForceKeepAlive message to 1 inactive WebSockets.
[2024-08-19 06:03:58.472 +00:00] [INF] [91] Emby.Server.Implementations.Session.SessionWebSocketListener: Sending ForceKeepAlive message to 1 inactive WebSockets.
[2024-08-19 06:06:46.472 +00:00] [INF] [85] Emby.Server.Implementations.Session.SessionWebSocketListener: Sending ForceKeepAlive message to 1 inactive WebSockets.
[2024-08-19 06:09:34.472 +00:00] [INF] [82] Emby.Server.Implementations.Session.SessionWebSocketListener: Sending ForceKeepAlive message to 1 inactive WebSockets.
[2024-08-19 06:12:22.472 +00:00] [INF] [72] Emby.Server.Implementations.Session.SessionWebSocketListener: Sending ForceKeepAlive message to 1 inactive WebSockets.
[2024-08-19 06:15:58.472 +00:00] [INF] [65] Emby.Server.Implementations.Session.SessionWebSocketListener: Sending ForceKeepAlive message to 1 inactive WebSockets.
[2024-08-19 06:18:46.472 +00:00] [INF] [58] Emby.Server.Implementations.Session.SessionWebSocketListener: Sending ForceKeepAlive message to 1 inactive WebSockets.
[2024-08-19 06:21:34.472 +00:00] [INF] [41] Emby.Server.Implementations.Session.SessionWebSocketListener: Sending ForceKeepAlive message to 1 inactive WebSockets.
[2024-08-19 06:24:22.472 +00:00] [INF] [40] Emby.Server.Implementations.Session.SessionWebSocketListener: Sending ForceKeepAlive message to 1 inactive WebSockets.
[2024-08-19 06:27:58.472 +00:00] [INF] [34] Emby.Server.Implementations.Session.SessionWebSocketListener: Sending ForceKeepAlive message to 1 inactive WebSockets.
[2024-08-19 06:30:46.472 +00:00] [INF] [18] Emby.Server.Implementations.Session.SessionWebSocketListener: Sending ForceKeepAlive message to 1 inactive WebSockets.
[2024-08-19 06:33:34.472 +00:00] [INF] [44] Emby.Server.Implementations.Session.SessionWebSocketListener: Sending ForceKeepAlive message to 1 inactive WebSockets.
[2024-08-19 06:36:22.471 +00:00] [INF] [46] Emby.Server.Implementations.Session.SessionWebSocketListener: Sending ForceKeepAlive message to 1 inactive WebSockets.
[2024-08-19 06:39:58.473 +00:00] [INF] [57] Emby.Server.Implementations.Session.SessionWebSocketListener: Sending ForceKeepAlive message to 1 inactive WebSockets.
[2024-08-19 06:42:46.472 +00:00] [INF] [65] Emby.Server.Implementations.Session.SessionWebSocketListener: Sending ForceKeepAlive message to 1 inactive WebSockets.
[2024-08-19 06:45:34.472 +00:00] [INF] [70] Emby.Server.Implementations.Session.SessionWebSocketListener: Sending ForceKeepAlive message to 1 inactive WebSockets.
[2024-08-19 06:48:22.472 +00:00] [INF] [75] Emby.Server.Implementations.Session.SessionWebSocketListener: Sending ForceKeepAlive message to 1 inactive WebSockets.
[2024-08-19 06:51:58.471 +00:00] [INF] [85] Emby.Server.Implementations.Session.SessionWebSocketListener: Sending ForceKeepAlive message to 1 inactive WebSockets.
[2024-08-19 06:54:46.472 +00:00] [INF] [96] Emby.Server.Implementations.Session.SessionWebSocketListener: Sending ForceKeepAlive message to 1 inactive WebSockets.
[2024-08-19 06:57:34.472 +00:00] [INF] [98] Emby.Server.Implementations.Session.SessionWebSocketListener: Sending ForceKeepAlive message to 1 inactive WebSockets.
[2024-08-19 07:00:22.472 +00:00] [INF] [109] Emby.Server.Implementations.Session.SessionWebSocketListener: Sending ForceKeepAlive message to 1 inactive WebSockets.
